[  1%] [32m[1mLinking CXX shared library /home/katherine/tiago_public_ws/devel/.private/gazebo_plugins/lib/libgazebo_ros_template.so[0m
[  2%] [32m[1mLinking CXX shared library /home/katherine/tiago_public_ws/devel/.private/gazebo_plugins/lib/libgazebo_ros_vacuum_gripper.so[0m
[  3%] [32m[1mLinking CXX shared library /home/katherine/tiago_public_ws/devel/.private/gazebo_plugins/lib/libgazebo_ros_range.so[0m
[  5%] [32m[1mLinking CXX shared library /home/katherine/tiago_public_ws/devel/.private/gazebo_plugins/lib/libgazebo_ros_hand_of_god.so[0m
[  6%] Built target gazebo_ros_template
[  6%] Built target sensor_msgs_generate_messages_py
[  6%] Built target actionlib_msgs_generate_messages_cpp
[  6%] Built target nav_msgs_generate_messages_eus
[  6%] Built target bond_generate_messages_py
[  6%] Built target nodelet_generate_messages_py
[  6%] Built target bond_generate_messages_nodejs
[  6%] Built target nodelet_generate_messages_nodejs
[  6%] Built target nodelet_generate_messages_lisp
[  6%] Built target rosgraph_msgs_generate_messages_nodejs
[  6%] Built target roscpp_generate_messages_nodejs
[  6%] Built target roscpp_generate_messages_eus
[  6%] Built target rosgraph_msgs_generate_messages_cpp
[  6%] Built target trajectory_msgs_generate_messages_py
[  7%] Built target gazebo_ros_vacuum_gripper
[  7%] Built target actionlib_generate_messages_eus
[  7%] Built target rosgraph_msgs_generate_messages_eus
[  7%] Built target polled_camera_generate_messages_nodejs
[  7%] Built target std_srvs_generate_messages_eus
[  7%] Built target std_msgs_generate_messages_lisp
[  7%] Built target nav_msgs_generate_messages_cpp
[  8%] Built target gazebo_msgs_generate_messages_lisp
[  8%] Built target gazebo_ros_hand_of_god
[ 10%] Built target gazebo_ros_range
[ 10%] Built target tf2_msgs_generate_messages_py
[ 10%] Built target bond_generate_messages_cpp
[ 10%] Built target dynamic_reconfigure_generate_messages_nodejs
[ 10%] Built target actionlib_msgs_generate_messages_lisp
[ 10%] Built target actionlib_msgs_generate_messages_nodejs
[ 10%] Built target gazebo_msgs_generate_messages_eus
[ 10%] Built target tf_generate_messages_py
[ 10%] Built target geometry_msgs_generate_messages_nodejs
[ 10%] Built target geometry_msgs_generate_messages_lisp
[ 10%] Built target trajectory_msgs_generate_messages_cpp
[ 10%] Built target dynamic_reconfigure_generate_messages_eus
[ 10%] Built target diagnostic_msgs_generate_messages_cpp
[ 10%] Built target rosgraph_msgs_generate_messages_py
[ 10%] Built target sensor_msgs_generate_messages_cpp
[ 10%] Built target rosgraph_msgs_generate_messages_lisp
[ 10%] Built target nav_msgs_generate_messages_nodejs
[ 10%] Built target tf_generate_messages_eus
[ 10%] Built target gazebo_msgs_generate_messages_cpp
[ 10%] Built target std_srvs_generate_messages_lisp
[ 10%] Built target std_msgs_generate_messages_py
[ 10%] Built target std_msgs_generate_messages_eus
[ 10%] Built target roscpp_generate_messages_lisp
[ 10%] Built target trajectory_msgs_generate_messages_nodejs
[ 10%] Built target nodelet_generate_messages_eus
[ 10%] Built target _catkin_empty_exported_target
[ 10%] Built target gazebo_msgs_generate_messages_nodejs
[ 10%] Built target diagnostic_msgs_generate_messages_eus
[ 10%] Built target geometry_msgs_generate_messages_eus
[ 10%] Built target trajectory_msgs_generate_messages_lisp
[ 10%] Built target geometry_msgs_generate_messages_cpp
[ 10%] Built target geometry_msgs_generate_messages_py
[ 10%] Built target bond_generate_messages_lisp
[ 10%] Built target tf_generate_messages_lisp
[ 10%] Built target tf2_msgs_generate_messages_eus
[ 10%] Built target sensor_msgs_generate_messages_eus
[ 10%] Built target roscpp_generate_messages_py
[ 10%] Built target sensor_msgs_generate_messages_nodejs
[ 10%] Built target std_msgs_generate_messages_cpp
[ 10%] Built target std_msgs_generate_messages_nodejs
[ 10%] Built target trajectory_msgs_generate_messages_eus
[ 10%] Built target std_srvs_generate_messages_cpp
[ 10%] Built target gazebo_msgs_generate_messages_py
[ 10%] Built target actionlib_msgs_generate_messages_eus
[ 10%] Built target roscpp_generate_messages_cpp
[ 10%] Built target dynamic_reconfigure_generate_messages_py
[ 10%] Built target tf_generate_messages_cpp
[ 10%] Built target actionlib_msgs_generate_messages_py
[ 10%] Built target tf_generate_messages_nodejs
[ 10%] Built target actionlib_generate_messages_cpp
[ 10%] Built target std_srvs_generate_messages_py
[ 10%] Built target actionlib_generate_messages_lisp
[ 10%] Built target actionlib_generate_messages_py
[ 10%] Built target actionlib_generate_messages_nodejs
[ 10%] Built target diagnostic_msgs_generate_messages_lisp
[ 10%] Built target nav_msgs_generate_messages_lisp
[ 10%] Built target tf2_msgs_generate_messages_cpp
[ 10%] Built target tf2_msgs_generate_messages_lisp
[ 10%] Built target dynamic_reconfigure_generate_messages_lisp
[ 10%] Built target dynamic_reconfigure_generate_messages_cpp
[ 10%] Built target diagnostic_msgs_generate_messages_py
[ 10%] Built target dynamic_reconfigure_gencfg
[ 10%] Built target polled_camera_generate_messages_lisp
[ 10%] Built target polled_camera_generate_messages_cpp
[ 10%] Built target polled_camera_generate_messages_eus
[ 10%] Built target diagnostic_msgs_generate_messages_nodejs
[ 10%] Built target polled_camera_generate_messages_py
[ 10%] Built target bond_generate_messages_eus
[ 10%] Built target std_srvs_generate_messages_nodejs
[ 10%] Built target nav_msgs_generate_messages_py
[ 10%] Built target sensor_msgs_generate_messages_lisp
[ 10%] Built target nodelet_generate_messages_cpp
[ 10%] Built target tf2_msgs_generate_messages_nodejs
[ 11%] [32m[1mLinking CXX shared library /home/katherine/tiago_public_ws/devel/.private/gazebo_plugins/lib/libgazebo_ros_utils.so[0m
[ 12%] [32m[1mLinking CXX shared library /home/katherine/tiago_public_ws/devel/.private/gazebo_plugins/lib/libgazebo_ros_f3d.so[0m
[ 14%] [32m[1mLinking CXX shared library /home/katherine/tiago_public_ws/devel/.private/gazebo_plugins/lib/libgazebo_ros_ft_sensor.so[0m
[ 15%] [32m[1mLinking CXX shared library /home/katherine/tiago_public_ws/devel/.private/gazebo_plugins/lib/libgazebo_ros_block_laser.so[0m
[ 16%] [32m[1mLinking CXX shared library /home/katherine/tiago_public_ws/devel/.private/gazebo_plugins/lib/libgazebo_ros_video.so[0m
[ 17%] [32m[1mLinking CXX shared library /home/katherine/tiago_public_ws/devel/.private/gazebo_plugins/lib/libgazebo_ros_skid_steer_drive.so[0m
[ 19%] Built target gazebo_ros_utils
[ 20%] Built target gazebo_ros_ft_sensor
[ 21%] [32m[1mLinking CXX shared library /home/katherine/tiago_public_ws/devel/.private/gazebo_plugins/lib/libgazebo_ros_planar_move.so[0m
[ 23%] [32m[1mLinking CXX shared library /home/katherine/tiago_public_ws/devel/.private/gazebo_plugins/lib/libgazebo_ros_diff_drive.so[0m
[ 24%] Built target gazebo_ros_f3d
[ 25%] Built target gazebo_ros_skid_steer_drive
[ 26%] [32m[1mLinking CXX shared library /home/katherine/tiago_public_ws/devel/.private/gazebo_plugins/lib/libgazebo_ros_joint_pose_trajectory.so[0m
[ 28%] [32m[1mLinking CXX shared library /home/katherine/tiago_public_ws/devel/.private/gazebo_plugins/lib/libgazebo_ros_joint_trajectory.so[0m
[ 29%] Built target gazebo_ros_video
[ 30%] Built target gazebo_ros_block_laser
[ 32%] [32m[1mLinking CXX executable /home/katherine/tiago_public_ws/devel/.private/gazebo_plugins/lib/gazebo_plugins/pub_joint_trajectory_test[0m
[ 33%] [32m[1mLinking CXX shared library /home/katherine/tiago_public_ws/devel/.private/gazebo_plugins/lib/libgazebo_ros_harness.so[0m
[ 34%] Built target gazebo_ros_planar_move
[ 35%] [32m[1mLinking CXX shared library /home/katherine/tiago_public_ws/devel/.private/gazebo_plugins/lib/libMultiCameraPlugin.so[0m
[ 37%] Built target gazebo_ros_joint_pose_trajectory
[ 38%] Built target gazebo_ros_joint_trajectory
[ 39%] [32m[1mLinking CXX shared library /home/katherine/tiago_public_ws/devel/.private/gazebo_plugins/lib/libgazebo_ros_imu_sensor.so[0m
[ 41%] Built target gazebo_ros_diff_drive
[ 42%] [32m[1mLinking CXX shared library /home/katherine/tiago_public_ws/devel/.private/gazebo_plugins/lib/libgazebo_ros_gpu_laser.so[0m
[ 43%] Built target pub_joint_trajectory_test
[ 44%] [32m[1mLinking CXX shared library /home/katherine/tiago_public_ws/devel/.private/gazebo_plugins/lib/libgazebo_ros_laser.so[0m
[ 46%] [32m[1mLinking CXX shared library /home/katherine/tiago_public_ws/devel/.private/gazebo_plugins/lib/libgazebo_ros_p3d.so[0m
[ 47%] [32m[1mLinking CXX shared library /home/katherine/tiago_public_ws/devel/.private/gazebo_plugins/lib/libgazebo_ros_imu.so[0m
[ 48%] Built target gazebo_ros_harness
[ 50%] Built target MultiCameraPlugin
[ 52%] [32m[1mLinking CXX shared library /home/katherine/tiago_public_ws/devel/.private/gazebo_plugins/lib/libgazebo_ros_projector.so[0m
[ 52%] [32m[1mLinking CXX shared library /home/katherine/tiago_public_ws/devel/.private/gazebo_plugins/lib/libgazebo_ros_bumper.so[0m
[ 53%] Built target gazebo_ros_imu_sensor
[ 55%] [32m[1mLinking CXX shared library /home/katherine/tiago_public_ws/devel/.private/gazebo_plugins/lib/libgazebo_ros_force.so[0m
[ 56%] Built target gazebo_ros_imu
[ 57%] Built target gazebo_ros_p3d
[ 58%] [32m[1mLinking CXX shared library /home/katherine/tiago_public_ws/devel/.private/gazebo_plugins/lib/libgazebo_ros_joint_state_publisher.so[0m
[ 64%] Built target gazebo_plugins_gencfg
[ 65%] [32m[1mLinking CXX shared library /home/katherine/tiago_public_ws/devel/.private/gazebo_plugins/lib/libgazebo_ros_tricycle_drive.so[0m
[ 66%] Built target gazebo_ros_laser
[ 67%] [32m[1mLinking CXX shared library /home/katherine/tiago_public_ws/devel/.private/gazebo_plugins/lib/libgazebo_ros_camera_utils.so[0m
[ 69%] Built target gazebo_ros_gpu_laser
[ 70%] [32m[1mLinking CXX shared library /home/katherine/tiago_public_ws/devel/.private/gazebo_plugins/lib/libvision_reconfigure.so[0m
[ 71%] Built target gazebo_ros_force
[ 73%] [32m[1mLinking CXX shared library /home/katherine/tiago_public_ws/devel/.private/gazebo_plugins/lib/libgazebo_ros_elevator.so[0m
[ 74%] Built target gazebo_ros_bumper
[ 75%] [32m[1mLinking CXX executable /home/katherine/tiago_public_ws/devel/.private/gazebo_plugins/lib/gazebo_plugins/hokuyo_node[0m
[ 76%] Built target gazebo_ros_joint_state_publisher
[ 78%] Built target gazebo_ros_tricycle_drive
[ 79%] Built target vision_reconfigure
[ 80%] [32m[1mLinking CXX executable /home/katherine/tiago_public_ws/devel/.private/gazebo_plugins/lib/gazebo_plugins/camera_synchronizer[0m
[ 82%] Built target gazebo_ros_projector
[ 83%] Built target hokuyo_node
[ 84%] Built target gazebo_ros_elevator
[ 85%] Built target camera_synchronizer
[ 87%] Built target gazebo_ros_camera_utils
[ 88%] [32m[1mLinking CXX shared library /home/katherine/tiago_public_ws/devel/.private/gazebo_plugins/lib/libgazebo_ros_prosilica.so[0m
[ 89%] Built target gazebo_ros_prosilica
[ 91%] [32m[1mLinking CXX shared library /home/katherine/tiago_public_ws/devel/.private/gazebo_plugins/lib/libgazebo_ros_camera.so[0m
[ 92%] [32m[1mLinking CXX shared library /home/katherine/tiago_public_ws/devel/.private/gazebo_plugins/lib/libgazebo_ros_multicamera.so[0m
[ 93%] [32m[1mLinking CXX shared library /home/katherine/tiago_public_ws/devel/.private/gazebo_plugins/lib/libgazebo_ros_depth_camera.so[0m
[ 94%] Built target gazebo_ros_camera
[ 96%] [32m[1mLinking CXX shared library /home/katherine/tiago_public_ws/devel/.private/gazebo_plugins/lib/libgazebo_ros_openni_kinect.so[0m
[ 97%] Built target gazebo_ros_multicamera
[ 98%] Built target gazebo_ros_depth_camera
[100%] Built target gazebo_ros_openni_kinect
