Symlinking /home/katherine/tiago_public_ws/devel/lib/python3/dist-packages/pal_visual_localization_msgs/__init__.py
Symlinking /home/katherine/tiago_public_ws/devel/lib/python3/dist-packages/pal_visual_localization_msgs/msg/_VisualLocAddPlaceAction.py
Symlinking /home/katherine/tiago_public_ws/devel/lib/python3/dist-packages/pal_visual_localization_msgs/msg/_VisualLocAddPlaceActionFeedback.py
Symlinking /home/katherine/tiago_public_ws/devel/lib/python3/dist-packages/pal_visual_localization_msgs/msg/__init__.py
Symlinking /home/katherine/tiago_public_ws/devel/lib/python3/dist-packages/pal_visual_localization_msgs/msg/_VisualLocRecognizeActionFeedback.py
Symlinking /home/katherine/tiago_public_ws/devel/lib/python3/dist-packages/pal_visual_localization_msgs/msg/_VisualLocAddPlaceGoal.py
Symlinking /home/katherine/tiago_public_ws/devel/lib/python3/dist-packages/pal_visual_localization_msgs/msg/_VisualLocRecognizeActionGoal.py
Symlinking /home/katherine/tiago_public_ws/devel/lib/python3/dist-packages/pal_visual_localization_msgs/msg/_VisualLocAddPlaceActionResult.py
Symlinking /home/katherine/tiago_public_ws/devel/lib/python3/dist-packages/pal_visual_localization_msgs/msg/_VisualLocRecognizeGoal.py
Symlinking /home/katherine/tiago_public_ws/devel/lib/python3/dist-packages/pal_visual_localization_msgs/msg/_VisualLocRecognizeAction.py
Symlinking /home/katherine/tiago_public_ws/devel/lib/python3/dist-packages/pal_visual_localization_msgs/msg/_VisualLocRecognizeActionResult.py
Symlinking /home/katherine/tiago_public_ws/devel/lib/python3/dist-packages/pal_visual_localization_msgs/msg/_VisualLocRecognizeResult.py
Symlinking /home/katherine/tiago_public_ws/devel/lib/python3/dist-packages/pal_visual_localization_msgs/msg/_VisualLocAddPlaceActionGoal.py
Symlinking /home/katherine/tiago_public_ws/devel/lib/python3/dist-packages/pal_visual_localization_msgs/msg/_VisualLocAddPlaceFeedback.py
Symlinking /home/katherine/tiago_public_ws/devel/lib/python3/dist-packages/pal_visual_localization_msgs/msg/_VisualLocAddPlaceResult.py
Symlinking /home/katherine/tiago_public_ws/devel/lib/python3/dist-packages/pal_visual_localization_msgs/msg/_VisualLocRecognizeFeedback.py
Symlinking /home/katherine/tiago_public_ws/devel/lib/pkgconfig/pal_visual_localization_msgs.pc
Symlinking /home/katherine/tiago_public_ws/devel/share/roseus/ros/pal_visual_localization_msgs/manifest.l
Symlinking /home/katherine/tiago_public_ws/devel/share/roseus/ros/pal_visual_localization_msgs/msg/VisualLocRecognizeActionFeedback.l
Symlinking /home/katherine/tiago_public_ws/devel/share/roseus/ros/pal_visual_localization_msgs/msg/VisualLocAddPlaceResult.l
Symlinking /home/katherine/tiago_public_ws/devel/share/roseus/ros/pal_visual_localization_msgs/msg/VisualLocRecognizeActionResult.l
Symlinking /home/katherine/tiago_public_ws/devel/share/roseus/ros/pal_visual_localization_msgs/msg/VisualLocAddPlaceActionFeedback.l
Symlinking /home/katherine/tiago_public_ws/devel/share/roseus/ros/pal_visual_localization_msgs/msg/VisualLocRecognizeFeedback.l
Symlinking /home/katherine/tiago_public_ws/devel/share/roseus/ros/pal_visual_localization_msgs/msg/VisualLocAddPlaceFeedback.l
Symlinking /home/katherine/tiago_public_ws/devel/share/roseus/ros/pal_visual_localization_msgs/msg/VisualLocAddPlaceActionResult.l
Symlinking /home/katherine/tiago_public_ws/devel/share/roseus/ros/pal_visual_localization_msgs/msg/VisualLocRecognizeAction.l
Symlinking /home/katherine/tiago_public_ws/devel/share/roseus/ros/pal_visual_localization_msgs/msg/VisualLocAddPlaceActionGoal.l
Symlinking /home/katherine/tiago_public_ws/devel/share/roseus/ros/pal_visual_localization_msgs/msg/VisualLocRecognizeActionGoal.l
Symlinking /home/katherine/tiago_public_ws/devel/share/roseus/ros/pal_visual_localization_msgs/msg/VisualLocAddPlaceAction.l
Symlinking /home/katherine/tiago_public_ws/devel/share/roseus/ros/pal_visual_localization_msgs/msg/VisualLocRecognizeResult.l
Symlinking /home/katherine/tiago_public_ws/devel/share/roseus/ros/pal_visual_localization_msgs/msg/VisualLocRecognizeGoal.l
Symlinking /home/katherine/tiago_public_ws/devel/share/roseus/ros/pal_visual_localization_msgs/msg/VisualLocAddPlaceGoal.l
Symlinking /home/katherine/tiago_public_ws/devel/share/pal_visual_localization_msgs/msg/VisualLocAddPlaceResult.msg
Symlinking /home/katherine/tiago_public_ws/devel/share/pal_visual_localization_msgs/msg/VisualLocAddPlaceActionFeedback.msg
Symlinking /home/katherine/tiago_public_ws/devel/share/pal_visual_localization_msgs/msg/VisualLocRecognizeActionResult.msg
Symlinking /home/katherine/tiago_public_ws/devel/share/pal_visual_localization_msgs/msg/VisualLocAddPlaceActionGoal.msg
Symlinking /home/katherine/tiago_public_ws/devel/share/pal_visual_localization_msgs/msg/VisualLocRecognizeGoal.msg
Symlinking /home/katherine/tiago_public_ws/devel/share/pal_visual_localization_msgs/msg/VisualLocAddPlaceAction.msg
Symlinking /home/katherine/tiago_public_ws/devel/share/pal_visual_localization_msgs/msg/VisualLocAddPlaceActionResult.msg
Symlinking /home/katherine/tiago_public_ws/devel/share/pal_visual_localization_msgs/msg/VisualLocRecognizeActionFeedback.msg
Symlinking /home/katherine/tiago_public_ws/devel/share/pal_visual_localization_msgs/msg/VisualLocRecognizeFeedback.msg
Symlinking /home/katherine/tiago_public_ws/devel/share/pal_visual_localization_msgs/msg/VisualLocRecognizeResult.msg
Symlinking /home/katherine/tiago_public_ws/devel/share/pal_visual_localization_msgs/msg/VisualLocAddPlaceGoal.msg
Symlinking /home/katherine/tiago_public_ws/devel/share/pal_visual_localization_msgs/msg/VisualLocRecognizeAction.msg
Symlinking /home/katherine/tiago_public_ws/devel/share/pal_visual_localization_msgs/msg/VisualLocRecognizeActionGoal.msg
Symlinking /home/katherine/tiago_public_ws/devel/share/pal_visual_localization_msgs/msg/VisualLocAddPlaceFeedback.msg
Symlinking /home/katherine/tiago_public_ws/devel/share/pal_visual_localization_msgs/cmake/pal_visual_localization_msgs-msg-extras.cmake
Symlinking /home/katherine/tiago_public_ws/devel/share/pal_visual_localization_msgs/cmake/pal_visual_localization_msgs-msg-paths.cmake
Symlinking /home/katherine/tiago_public_ws/devel/share/pal_visual_localization_msgs/cmake/pal_visual_localization_msgsConfig.cmake
Symlinking /home/katherine/tiago_public_ws/devel/share/pal_visual_localization_msgs/cmake/pal_visual_localization_msgsConfig-version.cmake
Symlinking /home/katherine/tiago_public_ws/devel/share/gennodejs/ros/pal_visual_localization_msgs/_index.js
Symlinking /home/katherine/tiago_public_ws/devel/share/gennodejs/ros/pal_visual_localization_msgs/msg/VisualLocRecognizeActionFeedback.js
Symlinking /home/katherine/tiago_public_ws/devel/share/gennodejs/ros/pal_visual_localization_msgs/msg/VisualLocRecognizeResult.js
Symlinking /home/katherine/tiago_public_ws/devel/share/gennodejs/ros/pal_visual_localization_msgs/msg/VisualLocAddPlaceActionGoal.js
Symlinking /home/katherine/tiago_public_ws/devel/share/gennodejs/ros/pal_visual_localization_msgs/msg/VisualLocAddPlaceFeedback.js
Symlinking /home/katherine/tiago_public_ws/devel/share/gennodejs/ros/pal_visual_localization_msgs/msg/VisualLocRecognizeActionGoal.js
Symlinking /home/katherine/tiago_public_ws/devel/share/gennodejs/ros/pal_visual_localization_msgs/msg/VisualLocAddPlaceResult.js
Symlinking /home/katherine/tiago_public_ws/devel/share/gennodejs/ros/pal_visual_localization_msgs/msg/VisualLocRecognizeGoal.js
Symlinking /home/katherine/tiago_public_ws/devel/share/gennodejs/ros/pal_visual_localization_msgs/msg/VisualLocRecognizeFeedback.js
Symlinking /home/katherine/tiago_public_ws/devel/share/gennodejs/ros/pal_visual_localization_msgs/msg/VisualLocAddPlaceGoal.js
Symlinking /home/katherine/tiago_public_ws/devel/share/gennodejs/ros/pal_visual_localization_msgs/msg/VisualLocRecognizeActionResult.js
Symlinking /home/katherine/tiago_public_ws/devel/share/gennodejs/ros/pal_visual_localization_msgs/msg/VisualLocAddPlaceAction.js
Symlinking /home/katherine/tiago_public_ws/devel/share/gennodejs/ros/pal_visual_localization_msgs/msg/_index.js
Symlinking /home/katherine/tiago_public_ws/devel/share/gennodejs/ros/pal_visual_localization_msgs/msg/VisualLocAddPlaceActionResult.js
Symlinking /home/katherine/tiago_public_ws/devel/share/gennodejs/ros/pal_visual_localization_msgs/msg/VisualLocRecognizeAction.js
Symlinking /home/katherine/tiago_public_ws/devel/share/gennodejs/ros/pal_visual_localization_msgs/msg/VisualLocAddPlaceActionFeedback.js
Symlinking /home/katherine/tiago_public_ws/devel/share/common-lisp/ros/pal_visual_localization_msgs/msg/_package_VisualLocAddPlaceActionGoal.lisp
Symlinking /home/katherine/tiago_public_ws/devel/share/common-lisp/ros/pal_visual_localization_msgs/msg/_package_VisualLocRecognizeFeedback.lisp
Symlinking /home/katherine/tiago_public_ws/devel/share/common-lisp/ros/pal_visual_localization_msgs/msg/_package_VisualLocRecognizeActionFeedback.lisp
Symlinking /home/katherine/tiago_public_ws/devel/share/common-lisp/ros/pal_visual_localization_msgs/msg/_package_VisualLocRecognizeAction.lisp
Symlinking /home/katherine/tiago_public_ws/devel/share/common-lisp/ros/pal_visual_localization_msgs/msg/_package_VisualLocRecognizeResult.lisp
Symlinking /home/katherine/tiago_public_ws/devel/share/common-lisp/ros/pal_visual_localization_msgs/msg/pal_visual_localization_msgs-msg.asd
Symlinking /home/katherine/tiago_public_ws/devel/share/common-lisp/ros/pal_visual_localization_msgs/msg/VisualLocAddPlaceAction.lisp
Symlinking /home/katherine/tiago_public_ws/devel/share/common-lisp/ros/pal_visual_localization_msgs/msg/_package_VisualLocRecognizeActionResult.lisp
Symlinking /home/katherine/tiago_public_ws/devel/share/common-lisp/ros/pal_visual_localization_msgs/msg/_package_VisualLocAddPlaceResult.lisp
Symlinking /home/katherine/tiago_public_ws/devel/share/common-lisp/ros/pal_visual_localization_msgs/msg/VisualLocAddPlaceActionResult.lisp
Symlinking /home/katherine/tiago_public_ws/devel/share/common-lisp/ros/pal_visual_localization_msgs/msg/VisualLocRecognizeAction.lisp
Symlinking /home/katherine/tiago_public_ws/devel/share/common-lisp/ros/pal_visual_localization_msgs/msg/VisualLocAddPlaceResult.lisp
Symlinking /home/katherine/tiago_public_ws/devel/share/common-lisp/ros/pal_visual_localization_msgs/msg/VisualLocAddPlaceGoal.lisp
Symlinking /home/katherine/tiago_public_ws/devel/share/common-lisp/ros/pal_visual_localization_msgs/msg/VisualLocRecognizeGoal.lisp
Symlinking /home/katherine/tiago_public_ws/devel/share/common-lisp/ros/pal_visual_localization_msgs/msg/_package_VisualLocAddPlaceActionFeedback.lisp
Symlinking /home/katherine/tiago_public_ws/devel/share/common-lisp/ros/pal_visual_localization_msgs/msg/VisualLocAddPlaceActionGoal.lisp
Symlinking /home/katherine/tiago_public_ws/devel/share/common-lisp/ros/pal_visual_localization_msgs/msg/_package_VisualLocAddPlaceFeedback.lisp
Symlinking /home/katherine/tiago_public_ws/devel/share/common-lisp/ros/pal_visual_localization_msgs/msg/_package.lisp
Symlinking /home/katherine/tiago_public_ws/devel/share/common-lisp/ros/pal_visual_localization_msgs/msg/VisualLocAddPlaceFeedback.lisp
Symlinking /home/katherine/tiago_public_ws/devel/share/common-lisp/ros/pal_visual_localization_msgs/msg/VisualLocRecognizeResult.lisp
Symlinking /home/katherine/tiago_public_ws/devel/share/common-lisp/ros/pal_visual_localization_msgs/msg/VisualLocRecognizeActionResult.lisp
Symlinking /home/katherine/tiago_public_ws/devel/share/common-lisp/ros/pal_visual_localization_msgs/msg/VisualLocRecognizeActionFeedback.lisp
Symlinking /home/katherine/tiago_public_ws/devel/share/common-lisp/ros/pal_visual_localization_msgs/msg/_package_VisualLocAddPlaceAction.lisp
Symlinking /home/katherine/tiago_public_ws/devel/share/common-lisp/ros/pal_visual_localization_msgs/msg/VisualLocAddPlaceActionFeedback.lisp
Symlinking /home/katherine/tiago_public_ws/devel/share/common-lisp/ros/pal_visual_localization_msgs/msg/_package_VisualLocAddPlaceGoal.lisp
Symlinking /home/katherine/tiago_public_ws/devel/share/common-lisp/ros/pal_visual_localization_msgs/msg/VisualLocRecognizeActionGoal.lisp
Symlinking /home/katherine/tiago_public_ws/devel/share/common-lisp/ros/pal_visual_localization_msgs/msg/VisualLocRecognizeFeedback.lisp
Symlinking /home/katherine/tiago_public_ws/devel/share/common-lisp/ros/pal_visual_localization_msgs/msg/_package_VisualLocAddPlaceActionResult.lisp
Symlinking /home/katherine/tiago_public_ws/devel/share/common-lisp/ros/pal_visual_localization_msgs/msg/_package_VisualLocRecognizeGoal.lisp
Symlinking /home/katherine/tiago_public_ws/devel/share/common-lisp/ros/pal_visual_localization_msgs/msg/_package_VisualLocRecognizeActionGoal.lisp
Symlinking /home/katherine/tiago_public_ws/devel/include/pal_visual_localization_msgs/VisualLocAddPlaceActionGoal.h
Symlinking /home/katherine/tiago_public_ws/devel/include/pal_visual_localization_msgs/VisualLocRecognizeActionFeedback.h
Symlinking /home/katherine/tiago_public_ws/devel/include/pal_visual_localization_msgs/VisualLocRecognizeGoal.h
Symlinking /home/katherine/tiago_public_ws/devel/include/pal_visual_localization_msgs/VisualLocAddPlaceAction.h
Symlinking /home/katherine/tiago_public_ws/devel/include/pal_visual_localization_msgs/VisualLocRecognizeAction.h
Symlinking /home/katherine/tiago_public_ws/devel/include/pal_visual_localization_msgs/VisualLocRecognizeActionResult.h
Symlinking /home/katherine/tiago_public_ws/devel/include/pal_visual_localization_msgs/VisualLocRecognizeActionGoal.h
Symlinking /home/katherine/tiago_public_ws/devel/include/pal_visual_localization_msgs/VisualLocAddPlaceFeedback.h
Symlinking /home/katherine/tiago_public_ws/devel/include/pal_visual_localization_msgs/VisualLocRecognizeFeedback.h
Symlinking /home/katherine/tiago_public_ws/devel/include/pal_visual_localization_msgs/VisualLocAddPlaceActionFeedback.h
Symlinking /home/katherine/tiago_public_ws/devel/include/pal_visual_localization_msgs/VisualLocRecognizeResult.h
Symlinking /home/katherine/tiago_public_ws/devel/include/pal_visual_localization_msgs/VisualLocAddPlaceGoal.h
Symlinking /home/katherine/tiago_public_ws/devel/include/pal_visual_localization_msgs/VisualLocAddPlaceActionResult.h
Symlinking /home/katherine/tiago_public_ws/devel/include/pal_visual_localization_msgs/VisualLocAddPlaceResult.h
